<?xml version="1.0" encoding="UTF-8"?>
<!-- Generated by org.testng.reporters.JUnitReportReporter -->
<testsuite hostname="Amrit" failures="0" tests="1" name="OrangeHRM.EmployeeManagementTest" time="22.014" errors="0" timestamp="2025-08-07T20:43:48 IST" skipped="0">
  <testcase classname="OrangeHRM.EmployeeManagementTest" name="testEmployeeWorkflow" time="22.014"/>
</testsuite> <!-- OrangeHRM.EmployeeManagementTest -->
