<?xml version="1.0" encoding="UTF-8"?>
<!-- Generated by org.testng.reporters.JUnitReportReporter -->
<testsuite hostname="Amrit" failures="0" tests="1" name="bikes.ToLaunchKtm" time="36.462" errors="0" timestamp="2024-01-22T11:19:32 IST" skipped="0">
  <testcase classname="bikes.ToLaunchKtm" name="ktm" time="36.462">
    <system-out>
      <![CDATA[ktm got launched successfully]]>
    </system-out>
  </testcase> <!-- ktm -->
  <system-out>
    <![CDATA[ktm got launched successfully
honda got launched successfully]]>
  </system-out>
</testsuite> <!-- bikes.ToLaunchKtm -->
