<?xml version="1.0" encoding="UTF-8"?>
<!-- Generated by org.testng.reporters.JUnitReportReporter -->
<testsuite hostname="Amrit" failures="0" tests="1" name="TC_DemowebShop_001.TC_DWS_001" time="16.727" errors="0" timestamp="2024-03-08T11:43:52 IST" skipped="0">
  <testcase classname="TC_DemowebShop_001.TC_DWS_001" name="toCheckBooksPage" time="16.727">
    <system-out>
      <![CDATA[TaseCase 001 Executed successfully]]>
    </system-out>
  </testcase> <!-- toCheckBooksPage -->
  <system-out>
    <![CDATA[Browser got Launched successfully
Browser got Maximized successfully
Navigate To demowebshop Successfully
Navigated to Homepage Succesfully
TaseCase 001 Executed successfully
Successfully logged out
Browser got closed Successfully]]>
  </system-out>
</testsuite> <!-- TC_DemowebShop_001.TC_DWS_001 -->
