<?xml version="1.0" encoding="UTF-8"?>
<!-- Generated by org.testng.reporters.JUnitReportReporter -->
<testsuite hostname="Amrit" failures="0" tests="3" name="advanceSeleniumTesting.ToLearnDataProvider" time="15.399" errors="0" timestamp="2024-08-10T11:53:25 IST" skipped="0">
  <testcase classname="advanceSeleniumTesting.ToLearnDataProvider" name="toLogin" time="3.137"/>
  <testcase classname="advanceSeleniumTesting.ToLearnDataProvider" name="toLogin" time="3.183"/>
  <testcase classname="advanceSeleniumTesting.ToLearnDataProvider" name="toLogin" time="9.079"/>
</testsuite> <!-- advanceSeleniumTesting.ToLearnDataProvider -->
