<?xml version="1.0" encoding="UTF-8"?>
<!-- Generated by org.testng.reporters.JUnitReportReporter -->
<testsuite hostname="Amrit" failures="0" tests="3" name="advanceSeleniumTesting.ToLearnDependentMethods" time="0.015" errors="0" timestamp="2024-01-19T11:50:47 IST" skipped="0">
  <testcase classname="advanceSeleniumTesting.ToLearnDependentMethods" name="deleteAccount" time="0.002">
    <system-out>
      <![CDATA[Account Deleted successfully]]>
    </system-out>
  </testcase> <!-- deleteAccount -->
  <testcase classname="advanceSeleniumTesting.ToLearnDependentMethods" name="createAccount" time="0.011">
    <system-out>
      <![CDATA[Account created successfully]]>
    </system-out>
  </testcase> <!-- createAccount -->
  <testcase classname="advanceSeleniumTesting.ToLearnDependentMethods" name="editAccount" time="0.002">
    <system-out>
      <![CDATA[Account edited successfully]]>
    </system-out>
  </testcase> <!-- editAccount -->
  <system-out>
    <![CDATA[Account created successfully
Account edited successfully
Account Deleted successfully]]>
  </system-out>
</testsuite> <!-- advanceSeleniumTesting.ToLearnDependentMethods -->
