<?xml version="1.0" encoding="UTF-8"?>
<!-- Generated by org.testng.reporters.JUnitReportReporter -->
<testsuite hostname="Amrit" failures="0" tests="3" name="advanceSeleniumTesting.ToskipTestCases" time="68.741" errors="0" timestamp="2024-01-19T11:31:13 IST" skipped="1">
  <testcase classname="advanceSeleniumTesting.ToskipTestCases" name="baskinRobbins" time="27.227">
    <system-out>
      <![CDATA[BaskinRobbins got launched]]>
    </system-out>
  </testcase> <!-- baskinRobbins -->
  <testcase classname="advanceSeleniumTesting.ToskipTestCases" name="cricbuzz" time="41.514">
    <system-out>
      <![CDATA[cricbuzz got launched]]>
    </system-out>
  </testcase> <!-- cricbuzz -->
  <testcase classname="advanceSeleniumTesting.ToskipTestCases" name="amazon">
    <skipped/>
  </testcase> <!-- amazon -->
  <system-out>
    <![CDATA[BaskinRobbins got launched
cricbuzz got launched]]>
  </system-out>
</testsuite> <!-- advanceSeleniumTesting.ToskipTestCases -->
