<?xml version="1.0" encoding="UTF-8"?>
<!-- Generated by org.testng.reporters.JUnitReportReporter -->
<testsuite hostname="Amrit" failures="0" tests="1" name="bikes.ToLaunchHero" time="48.491" errors="0" timestamp="2024-01-22T11:21:52 IST" skipped="0">
  <testcase classname="bikes.ToLaunchHero" name="hero" time="48.491">
    <system-out>
      <![CDATA[hero got launched successfully]]>
    </system-out>
  </testcase> <!-- hero -->
  <system-out>
    <![CDATA[bajaj got launched successfully
hero got launched successfully
yamaha got launched successfully]]>
  </system-out>
</testsuite> <!-- bikes.ToLaunchHero -->
