<?xml version="1.0" encoding="UTF-8"?>
<!-- Generated by org.testng.reporters.JUnitReportReporter -->
<testsuite hostname="Amrit" failures="0" tests="1" name="TC_DemowebShop_001.TC_DWS_005" time="23.229" errors="0" timestamp="2024-01-23T12:01:37 IST" skipped="0">
  <testcase classname="TC_DemowebShop_001.TC_DWS_005" name="toCheckElectronicsPage" time="23.229">
    <system-out>
      <![CDATA[navigate to Digital downloads page successfully
TestCase 005 got executed sucessfully]]>
    </system-out>
  </testcase> <!-- toCheckElectronicsPage -->
  <system-out>
    <![CDATA[Browser got Launched successfully
Browser got Maximized successfully
Browser got Launched successfully
Browser got Maximized successfully
Navigate To demowebshop Successfully
Navigated to Homepage Succesfully
navigate to Digital downloads page successfully
TestCase 005 got executed sucessfully
Successfully logged out
Browser got closed Successfully
Browser got Launched successfully
Browser got Maximized successfully
Navigate To demowebshop Successfully
Browser got Launched successfully
Browser got Maximized successfully
Navigate To demowebshop Successfully
Navigated to Homepage Succesfully
navigate to Gift Cards page successfully
TestCase 007 got executed sucessfully
Successfully logged out
Browser got closed Successfully
Browser got Launched successfully
Browser got Maximized successfully
Navigate To demowebshop Successfully
Navigated to Homepage Succesfully
navigated to Books page Successfully
TaseCase 001 Executed successfully
Successfully logged out
Browser got closed Successfully
Browser got Launched successfully
Browser got Maximized successfully
Navigate To demowebshop Successfully
Navigated to Homepage Succesfully
Navigate to computers page Successfully
TestCase 002 Executed successfully 
Successfully logged out
Browser got closed Successfully
Browser got Launched successfully
Browser got Maximized successfully
Navigate To demowebshop Successfully
Navigated to Homepage Succesfully
navigate to Electronics page successfully
TestCase 003 got executed sucessfully
Successfully logged out
Browser got closed Successfully
Browser got Launched successfully
Browser got Maximized successfully
Navigate To demowebshop Successfully
Navigated to Homepage Succesfully
navigate wishlist page successfully
TestCase 010 got executed sucessfully
Successfully logged out
Browser got closed Successfully
Browser got Launched successfully
Browser got Maximized successfully
Navigate To demowebshop Successfully
Navigated to Homepage Succesfully
navigate to Tricentis page successfully
TestCase 008 got executed sucessfully
Successfully logged out
Browser got closed Successfully
Browser got Launched successfully
Browser got Maximized successfully
Navigate To demowebshop Successfully
Navigated to Homepage Succesfully
navigate to Shopping cart page successfully
TestCase 009 got executed sucessfully
Successfully logged out
Browser got closed Successfully]]>
  </system-out>
</testsuite> <!-- TC_DemowebShop_001.TC_DWS_005 -->
