<?xml version="1.0" encoding="UTF-8"?>
<!-- Generated by org.testng.reporters.JUnitReportReporter -->
<testsuite hostname="Amrit" failures="0" tests="5" name="advanceSeleniumTesting.ToLeranTesting" time="43.521" errors="0" timestamp="2025-08-07T19:18:37 IST" skipped="0">
  <testcase classname="advanceSeleniumTesting.ToLeranTesting" name="amazon" time="14.427">
    <system-out>
      <![CDATA[Amazon got Launched]]>
    </system-out>
  </testcase> <!-- amazon -->
  <testcase classname="advanceSeleniumTesting.ToLeranTesting" name="baskinRobbins" time="6.557">
    <system-out>
      <![CDATA[BaskinRobbins got launched]]>
    </system-out>
  </testcase> <!-- baskinRobbins -->
  <testcase classname="advanceSeleniumTesting.ToLeranTesting" name="baskinRobbins" time="6.485">
    <system-out>
      <![CDATA[BaskinRobbins got launched]]>
    </system-out>
  </testcase> <!-- baskinRobbins -->
  <testcase classname="advanceSeleniumTesting.ToLeranTesting" name="cricbuzz" time="7.995">
    <system-out>
      <![CDATA[cricbuzz got launched]]>
    </system-out>
  </testcase> <!-- cricbuzz -->
  <testcase classname="advanceSeleniumTesting.ToLeranTesting" name="cricbuzz" time="8.057">
    <system-out>
      <![CDATA[cricbuzz got launched]]>
    </system-out>
  </testcase> <!-- cricbuzz -->
  <system-out>
    <![CDATA[Amazon got Launched
BaskinRobbins got launched
BaskinRobbins got launched
cricbuzz got launched
cricbuzz got launched]]>
  </system-out>
</testsuite> <!-- advanceSeleniumTesting.ToLeranTesting -->
