<?xml version="1.0" encoding="UTF-8"?>
<!-- Generated by org.testng.reporters.JUnitReportReporter -->
<testsuite hostname="Amrit" failures="0" tests="5" name="advanceSeleniumTesting.ToLeranTesting" time="171.482" errors="0" timestamp="2024-01-19T11:22:41 IST" skipped="0">
  <testcase classname="advanceSeleniumTesting.ToLeranTesting" name="amazon" time="7.078">
    <system-out>
      <![CDATA[Amazon got Launched]]>
    </system-out>
  </testcase> <!-- amazon -->
  <testcase classname="advanceSeleniumTesting.ToLeranTesting" name="baskinRobbins" time="34.815">
    <system-out>
      <![CDATA[BaskinRobbins got launched]]>
    </system-out>
  </testcase> <!-- baskinRobbins -->
  <testcase classname="advanceSeleniumTesting.ToLeranTesting" name="baskinRobbins" time="29.125">
    <system-out>
      <![CDATA[BaskinRobbins got launched]]>
    </system-out>
  </testcase> <!-- baskinRobbins -->
  <testcase classname="advanceSeleniumTesting.ToLeranTesting" name="cricbuzz" time="47.837">
    <system-out>
      <![CDATA[cricbuzz got launched]]>
    </system-out>
  </testcase> <!-- cricbuzz -->
  <testcase classname="advanceSeleniumTesting.ToLeranTesting" name="cricbuzz" time="52.627">
    <system-out>
      <![CDATA[cricbuzz got launched]]>
    </system-out>
  </testcase> <!-- cricbuzz -->
  <system-out>
    <![CDATA[Amazon got Launched
BaskinRobbins got launched
BaskinRobbins got launched
cricbuzz got launched
cricbuzz got launched]]>
  </system-out>
</testsuite> <!-- advanceSeleniumTesting.ToLeranTesting -->
