<?xml version="1.0" encoding="UTF-8"?>
<!-- Generated by org.testng.reporters.JUnitReportReporter -->
<testsuite hostname="Amrit" failures="0" tests="1" name="bikes.ToLaucghBajaj" time="35.303" errors="0" timestamp="2024-01-22T11:21:52 IST" skipped="0">
  <testcase classname="bikes.ToLaucghBajaj" name="bajaj" time="35.303">
    <system-out>
      <![CDATA[bajaj got launched successfully]]>
    </system-out>
  </testcase> <!-- bajaj -->
  <system-out>
    <![CDATA[bajaj got launched successfully
hero got launched successfully
yamaha got launched successfully]]>
  </system-out>
</testsuite> <!-- bikes.ToLaucghBajaj -->
