<?xml version="1.0" encoding="UTF-8"?>
<!-- Generated by org.testng.reporters.JUnitReportReporter -->
<testsuite hostname="Amrit" failures="0" tests="1" name="bikes.ToLaunchYamaha" time="35.505" errors="0" timestamp="2024-01-22T11:21:52 IST" skipped="0">
  <testcase classname="bikes.ToLaunchYamaha" name="yamaha" time="35.505">
    <system-out>
      <![CDATA[yamaha got launched successfully]]>
    </system-out>
  </testcase> <!-- yamaha -->
  <system-out>
    <![CDATA[bajaj got launched successfully
hero got launched successfully
yamaha got launched successfully]]>
  </system-out>
</testsuite> <!-- bikes.ToLaunchYamaha -->
